[debug] [2022-02-17T20:26:06.596Z] ----------------------------------------------------------------------
[debug] [2022-02-17T20:26:06.597Z] Command:       /Users/thiagogetnerski/.nvm/versions/node/v15.14.0/bin/node /Users/thiagogetnerski/.nvm/versions/node/v15.14.0/bin/firebase serve
[debug] [2022-02-17T20:26:06.598Z] CLI Version:   10.1.4
[debug] [2022-02-17T20:26:06.598Z] Platform:      darwin
[debug] [2022-02-17T20:26:06.598Z] Node Version:  v15.14.0
[debug] [2022-02-17T20:26:06.604Z] Time:          Thu Feb 17 2022 17:26:06 GMT-0300 (Horário Padrão de Brasília)
[debug] [2022-02-17T20:26:06.605Z] ----------------------------------------------------------------------
[debug] 
[debug] [2022-02-17T20:26:06.606Z] >>> [apiv2][query] GET https://firebase-public.firebaseio.com/cli.json [none]
[debug] [2022-02-17T20:26:06.655Z] > command requires scopes: ["email","openid","https://www.googleapis.com/auth/cloudplatformprojects.readonly","https://www.googleapis.com/auth/firebase","https://www.googleapis.com/auth/cloud-platform"]
[debug] [2022-02-17T20:26:06.656Z] > authorizing via signed-in user (thiago.getnerski@souvidia.com)
[debug] [2022-02-17T20:26:06.656Z] [iam] checking project curso-vidia-fb for permissions ["firebase.projects.get"]
[debug] [2022-02-17T20:26:06.656Z] > refreshing access token with scopes: []
[debug] [2022-02-17T20:26:06.656Z] >>> HTTP REQUEST POST https://www.googleapis.com/oauth2/v3/token  
 <request body omitted>
[debug] [2022-02-17T20:26:06.845Z] <<< HTTP RESPONSE 200 {"pragma":"no-cache","cache-control":"no-cache, no-store, max-age=0, must-revalidate","date":"Thu, 17 Feb 2022 20:26:06 GMT","expires":"Mon, 01 Jan 1990 00:00:00 GMT","content-type":"application/json; charset=utf-8","vary":"X-Origin, Referer, Origin,Accept-Encoding","server":"scaffolding on HTTPServer2","x-xss-protection":"0","x-frame-options":"SAMEORIGIN","x-content-type-options":"nosniff","alt-svc":"h3=\":443\"; ma=2592000,h3-29=\":443\"; ma=2592000,h3-Q050=\":443\"; ma=2592000,h3-Q046=\":443\"; ma=2592000,h3-Q043=\":443\"; ma=2592000,quic=\":443\"; ma=2592000; v=\"46,43\"","accept-ranges":"none","transfer-encoding":"chunked"}
[debug] [2022-02-17T20:26:06.892Z] >>> [apiv2][query] POST https://cloudresourcemanager.googleapis.com/v1/projects/curso-vidia-fb:testIamPermissions [none]
[debug] [2022-02-17T20:26:06.892Z] >>> [apiv2][body] POST https://cloudresourcemanager.googleapis.com/v1/projects/curso-vidia-fb:testIamPermissions {"permissions":["firebase.projects.get"]}
[debug] [2022-02-17T20:26:07.249Z] <<< [apiv2][status] GET https://firebase-public.firebaseio.com/cli.json 200
[debug] [2022-02-17T20:26:07.249Z] <<< [apiv2][body] GET https://firebase-public.firebaseio.com/cli.json {"cloudBuildErrorAfter":1594252800000,"cloudBuildWarnAfter":1590019200000,"defaultNode10After":1594252800000,"minVersion":"3.0.5","node8DeploysDisabledAfter":1613390400000,"node8RuntimeDisabledAfter":1615809600000,"node8WarnAfter":1600128000000}
[debug] [2022-02-17T20:26:07.866Z] <<< [apiv2][status] POST https://cloudresourcemanager.googleapis.com/v1/projects/curso-vidia-fb:testIamPermissions 200
[debug] [2022-02-17T20:26:07.866Z] <<< [apiv2][body] POST https://cloudresourcemanager.googleapis.com/v1/projects/curso-vidia-fb:testIamPermissions {"permissions":["firebase.projects.get"]}
[debug] [2022-02-17T20:26:07.867Z] >>> [apiv2][query] GET https://firebase.googleapis.com/v1beta1/projects/curso-vidia-fb [none]
[debug] [2022-02-17T20:26:08.322Z] <<< [apiv2][status] GET https://firebase.googleapis.com/v1beta1/projects/curso-vidia-fb 200
[debug] [2022-02-17T20:26:08.322Z] <<< [apiv2][body] GET https://firebase.googleapis.com/v1beta1/projects/curso-vidia-fb {"projectId":"curso-vidia-fb","projectNumber":"569891397155","displayName":"Curso-vidia-fb","name":"projects/curso-vidia-fb","resources":{"hostingSite":"curso-vidia-fb","realtimeDatabaseInstance":"curso-vidia-fb-default-rtdb","storageBucket":"curso-vidia-fb.appspot.com","locationId":"us-central"},"state":"ACTIVE"}
[info] 
[info] === Serving from '/Users/thiagogetnerski/Documents/GitHub/curso-vidia-firebase'...
[info] 
[debug] [2022-02-17T20:26:08.325Z] >>> [apiv2][query] GET https://firebasehosting.googleapis.com/v1beta1/projects/curso-vidia-fb/sites 
[debug] [2022-02-17T20:26:09.401Z] <<< [apiv2][status] GET https://firebasehosting.googleapis.com/v1beta1/projects/curso-vidia-fb/sites 200
[debug] [2022-02-17T20:26:09.401Z] <<< [apiv2][body] GET https://firebasehosting.googleapis.com/v1beta1/projects/curso-vidia-fb/sites {"sites":[{"name":"projects/569891397155/sites/curso-vidia-fb","defaultUrl":"https://curso-vidia-fb.web.app","appId":"1:569891397155:web:affe1cbf25515dd214db96","type":"DEFAULT_SITE"}]}
[debug] [2022-02-17T20:26:09.402Z] >>> [apiv2][query] GET https://firebase.googleapis.com/v1beta1/projects/curso-vidia-fb/webApps/1:569891397155:web:affe1cbf25515dd214db96/config [none]
[debug] [2022-02-17T20:26:10.856Z] <<< [apiv2][status] GET https://firebase.googleapis.com/v1beta1/projects/curso-vidia-fb/webApps/1:569891397155:web:affe1cbf25515dd214db96/config 200
[debug] [2022-02-17T20:26:10.857Z] <<< [apiv2][body] GET https://firebase.googleapis.com/v1beta1/projects/curso-vidia-fb/webApps/1:569891397155:web:affe1cbf25515dd214db96/config {"projectId":"curso-vidia-fb","appId":"1:569891397155:web:affe1cbf25515dd214db96","databaseURL":"https://curso-vidia-fb-default-rtdb.firebaseio.com","storageBucket":"curso-vidia-fb.appspot.com","locationId":"us-central","apiKey":"AIzaSyANf2slt29A1rFfcO4z5UlK2-FK56G7iNk","authDomain":"curso-vidia-fb.firebaseapp.com","messagingSenderId":"569891397155","measurementId":"G-PCWCG2YDBE"}
[info] i  hosting: Serving hosting files from: public {"metadata":{"emulator":{"name":"hosting"},"message":"Serving hosting files from: \u001b[1mpublic\u001b[22m"}}
[info] ✔  hosting: Local server: http://localhost:5000 {"metadata":{"emulator":{"name":"hosting"},"message":"Local server: \u001b[4m\u001b[1mhttp://localhost:5000\u001b[22m\u001b[24m"}}
[info] i  hosting: 127.0.0.1 - - [17/Feb/2022:20:26:15 +0000] "GET / HTTP/1.1" 200 1654 "-" "Mozilla/5.0 (Macintosh; Intel Mac OS X 10_15_7) AppleWebKit/537.36 (KHTML, like Gecko) Chrome/98.0.4758.102 Safari/537.36" {"metadata":{"emulator":{"name":"hosting"},"message":"127.0.0.1 - - [17/Feb/2022:20:26:15 +0000] \"GET / HTTP/1.1\" 200 1654 \"-\" \"Mozilla/5.0 (Macintosh; Intel Mac OS X 10_15_7) AppleWebKit/537.36 (KHTML, like Gecko) Chrome/98.0.4758.102 Safari/537.36\""}}
[info] i  hosting: 127.0.0.1 - - [17/Feb/2022:20:26:16 +0000] "GET /__/firebase/init.js?useEmulator=true HTTP/1.1" 200 - "http://localhost:5000/" "Mozilla/5.0 (Macintosh; Intel Mac OS X 10_15_7) AppleWebKit/537.36 (KHTML, like Gecko) Chrome/98.0.4758.102 Safari/537.36" {"metadata":{"emulator":{"name":"hosting"},"message":"127.0.0.1 - - [17/Feb/2022:20:26:16 +0000] \"GET /__/firebase/init.js?useEmulator=true HTTP/1.1\" 200 - \"http://localhost:5000/\" \"Mozilla/5.0 (Macintosh; Intel Mac OS X 10_15_7) AppleWebKit/537.36 (KHTML, like Gecko) Chrome/98.0.4758.102 Safari/537.36\""}}
[info] i  hosting: 127.0.0.1 - - [17/Feb/2022:20:26:16 +0000] "GET /favicon.ico HTTP/1.1" 404 1808 "http://localhost:5000/" "Mozilla/5.0 (Macintosh; Intel Mac OS X 10_15_7) AppleWebKit/537.36 (KHTML, like Gecko) Chrome/98.0.4758.102 Safari/537.36" {"metadata":{"emulator":{"name":"hosting"},"message":"127.0.0.1 - - [17/Feb/2022:20:26:16 +0000] \"GET /favicon.ico HTTP/1.1\" 404 1808 \"http://localhost:5000/\" \"Mozilla/5.0 (Macintosh; Intel Mac OS X 10_15_7) AppleWebKit/537.36 (KHTML, like Gecko) Chrome/98.0.4758.102 Safari/537.36\""}}
